# JRE version: OpenJDK Runtime Environment Temurin-17.0.7+7 (17.0.7+7) (build 17.0.7+7)
# Java VM: OpenJDK 64-Bit Server VM Temurin-17.0.7+7 (17.0.7+7, mixed mode, emulated-client, tiered, compressed oops, compressed class ptrs, g1 gc, windows-amd64)
GC Precious Log:
 CPUs: 20 total, 20 available
 Memory: 16053M
 Large Page Support: Disabled
 NUMA Support: Disabled
 Compressed Oops: Enabled (32-bit)
 Heap Region Size: 1M
 Heap Min Capacity: 8M
 Heap Initial Capacity: 252M
 Heap Max Capacity: 1G
 Pre-touch: Disabled
 Parallel Workers: 15
 Concurrent Workers: 4
 Concurrent Refinement Workers: 15
 Periodic GC: Disabled
Heap:
 garbage-first heap   total 133120K, used 39653K [0x00000000c0000000, 0x0000000100000000)
  region size 1024K, 1 young (1024K), 0 survivors (0K)
 Metaspace       used 73210K, committed 74048K, reserved 1114112K
  class space    used 9952K, committed 10240K, reserved 1048576K
GC Heap History (20 events):
Event: 81635.224 GC heap before
{Heap before GC invocations=8072 (full 8003):
 garbage-first heap   total 133120K, used 39653K [0x00000000c0000000, 0x0000000100000000)
  region size 1024K, 1 young (1024K), 0 survivors (0K)
 Metaspace       used 73210K, committed 74048K, reserved 1114112K
  class space    used 9952K, committed 10240K, reserved 1048576K
}
Event: 81635.264 GC heap after
{Heap after GC invocations=8073 (full 8004):
 garbage-first heap   total 133120K, used 39653K [0x00000000c0000000, 0x0000000100000000)
  region size 1024K, 0 young (0K), 0 survivors (0K)
 Metaspace       used 73210K, committed 74048K, reserved 1114112K
  class space    used 9952K, committed 10240K, reserved 1048576K
}
Event: 81645.508 GC heap before
{Heap before GC invocations=8073 (full 8004):
 garbage-first heap   total 133120K, used 39653K [0x00000000c0000000, 0x0000000100000000)
  region size 1024K, 1 young (1024K), 0 survivors (0K)
 Metaspace       used 73210K, committed 74048K, reserved 1114112K
  class space    used 9952K, committed 10240K, reserved 1048576K
}
Event: 81645.549 GC heap after
{Heap after GC invocations=8074 (full 8005):
 garbage-first heap   total 133120K, used 39653K [0x00000000c0000000, 0x0000000100000000)
  region size 1024K, 0 young (0K), 0 survivors (0K)
 Metaspace       used 73210K, committed 74048K, reserved 1114112K
  class space    used 9952K, committed 10240K, reserved 1048576K
}
Event: 81655.840 GC heap before
{Heap before GC invocations=8074 (full 8005):
 garbage-first heap   total 133120K, used 39653K [0x00000000c0000000, 0x0000000100000000)
  region size 1024K, 1 young (1024K), 0 survivors (0K)
 Metaspace       used 73210K, committed 74048K, reserved 1114112K
  class space    used 9952K, committed 10240K, reserved 1048576K
}
Event: 81655.889 GC heap after
{Heap after GC invocations=8075 (full 8006):
 garbage-first heap   total 133120K, used 39653K [0x00000000c0000000, 0x0000000100000000)
  region size 1024K, 0 young (0K), 0 survivors (0K)
 Metaspace       used 73210K, committed 74048K, reserved 1114112K
  class space    used 9952K, committed 10240K, reserved 1048576K
}
Event: 81666.096 GC heap before
{Heap before GC invocations=8075 (full 8006):
 garbage-first heap   total 133120K, used 39653K [0x00000000c0000000, 0x0000000100000000)
  region size 1024K, 1 young (1024K), 0 survivors (0K)
 Metaspace       used 73210K, committed 74048K, reserved 1114112K
  class space    used 9952K, committed 10240K, reserved 1048576K
}
Event: 81666.136 GC heap after
{Heap after GC invocations=8076 (full 8007):
 garbage-first heap   total 133120K, used 39653K [0x00000000c0000000, 0x0000000100000000)
  region size 1024K, 0 young (0K), 0 survivors (0K)
 Metaspace       used 73210K, committed 74048K, reserved 1114112K
  class space    used 9952K, committed 10240K, reserved 1048576K
}
Event: 81676.426 GC heap before
{Heap before GC invocations=8076 (full 8007):
 garbage-first heap   total 133120K, used 39653K [0x00000000c0000000, 0x0000000100000000)
  region size 1024K, 1 young (1024K), 0 survivors (0K)
 Metaspace       used 73210K, committed 74048K, reserved 1114112K
  class space    used 9952K, committed 10240K, reserved 1048576K
}
Event: 81676.472 GC heap after
{Heap after GC invocations=8077 (full 8008):
 garbage-first heap   total 133120K, used 39653K [0x00000000c0000000, 0x0000000100000000)
  region size 1024K, 0 young (0K), 0 survivors (0K)
 Metaspace       used 73210K, committed 74048K, reserved 1114112K
  class space    used 9952K, committed 10240K, reserved 1048576K
}
Event: 81686.769 GC heap before
{Heap before GC invocations=8077 (full 8008):
 garbage-first heap   total 133120K, used 39653K [0x00000000c0000000, 0x0000000100000000)
  region size 1024K, 1 young (1024K), 0 survivors (0K)
 Metaspace       used 73210K, committed 74048K, reserved 1114112K
  class space    used 9952K, committed 10240K, reserved 1048576K
}
Event: 81686.817 GC heap after
{Heap after GC invocations=8078 (full 8009):
 garbage-first heap   total 133120K, used 39653K [0x00000000c0000000, 0x0000000100000000)
  region size 1024K, 0 young (0K), 0 survivors (0K)
 Metaspace       used 73210K, committed 74048K, reserved 1114112K
  class space    used 9952K, committed 10240K, reserved 1048576K
}
Event: 81697.023 GC heap before
{Heap before GC invocations=8078 (full 8009):
 garbage-first heap   total 133120K, used 39653K [0x00000000c0000000, 0x0000000100000000)
  region size 1024K, 1 young (1024K), 0 survivors (0K)
 Metaspace       used 73210K, committed 74048K, reserved 1114112K
  class space    used 9952K, committed 10240K, reserved 1048576K
}
Event: 81697.067 GC heap after
{Heap after GC invocations=8079 (full 8010):
 garbage-first heap   total 133120K, used 39653K [0x00000000c0000000, 0x0000000100000000)
  region size 1024K, 0 young (0K), 0 survivors (0K)
 Metaspace       used 73210K, committed 74048K, reserved 1114112K
  class space    used 9952K, committed 10240K, reserved 1048576K
}
Event: 81707.274 GC heap before
{Heap before GC invocations=8079 (full 8010):
 garbage-first heap   total 133120K, used 39653K [0x00000000c0000000, 0x0000000100000000)
  region size 1024K, 1 young (1024K), 0 survivors (0K)
 Metaspace       used 73210K, committed 74048K, reserved 1114112K
  class space    used 9952K, committed 10240K, reserved 1048576K
}
Event: 81707.316 GC heap after
{Heap after GC invocations=8080 (full 8011):
 garbage-first heap   total 133120K, used 39653K [0x00000000c0000000, 0x0000000100000000)
  region size 1024K, 0 young (0K), 0 survivors (0K)
 Metaspace       used 73210K, committed 74048K, reserved 1114112K
  class space    used 9952K, committed 10240K, reserved 1048576K
}
Event: 81717.569 GC heap before
{Heap before GC invocations=8080 (full 8011):
 garbage-first heap   total 133120K, used 39653K [0x00000000c0000000, 0x0000000100000000)
  region size 1024K, 1 young (1024K), 0 survivors (0K)
 Metaspace       used 73210K, committed 74048K, reserved 1114112K
  class space    used 9952K, committed 10240K, reserved 1048576K
}
Event: 81717.617 GC heap after
{Heap after GC invocations=8081 (full 8012):
 garbage-first heap   total 133120K, used 39653K [0x00000000c0000000, 0x0000000100000000)
  region size 1024K, 0 young (0K), 0 survivors (0K)
 Metaspace       used 73210K, committed 74048K, reserved 1114112K
  class space    used 9952K, committed 10240K, reserved 1048576K
}
Event: 81727.773 GC heap before
{Heap before GC invocations=8081 (full 8012):
 garbage-first heap   total 133120K, used 39653K [0x00000000c0000000, 0x0000000100000000)
  region size 1024K, 1 young (1024K), 0 survivors (0K)
 Metaspace       used 73210K, committed 74048K, reserved 1114112K
  class space    used 9952K, committed 10240K, reserved 1048576K
}
Event: 81727.812 GC heap after
{Heap after GC invocations=8082 (full 8013):
 garbage-first heap   total 133120K, used 39653K [0x00000000c0000000, 0x0000000100000000)
  region size 1024K, 0 young (0K), 0 survivors (0K)
 Metaspace       used 73210K, committed 74048K, reserved 1114112K
  class space    used 9952K, committed 10240K, reserved 1048576K
}

